{"level":"debug","message":{},"timestamp":"2019-04-07T11:27:21.689Z"}
{"level":"debug","message":{"expose":true,"statusCode":400,"status":400,"body":"------WebKitFormBoundaryjzlxCDV2pqGUSotg\r\nContent-Disposition: form-data; name=\"categoryId\"\r\n\r\n1\r\n------WebKitFormBoundaryjzlxCDV2pqGUSotg\r\nContent-Disposition: form-data; name=\"subcategoryId\"\r\n\r\n12\r\n------WebKitFormBoundaryjzlxCDV2pqGUSotg\r\nContent-Disposition: form-data; name=\"productId\"\r\n\r\n22\r\n------WebKitFormBoundaryjzlxCDV2pqGUSotg\r\nContent-Disposition: form-data; name=\"subproductId\"\r\n\r\n31\r\n------WebKitFormBoundaryjzlxCDV2pqGUSotg\r\nContent-Disposition: form-data; name=\"index\"\r\n\r\n4\r\n------WebKitFormBoundaryjzlxCDV2pqGUSotg--\r\n","type":"entity.parse.failed"},"timestamp":"2019-04-08T10:43:58.232Z"}
{"level":"debug","message":{"expose":true,"statusCode":400,"status":400,"body":"------WebKitFormBoundaryTFHI912sprDCeGYA\r\nContent-Disposition: form-data; name=\"categoryId\"\r\n\r\n1\r\n------WebKitFormBoundaryTFHI912sprDCeGYA\r\nContent-Disposition: form-data; name=\"subcategoryId\"\r\n\r\n12\r\n------WebKitFormBoundaryTFHI912sprDCeGYA\r\nContent-Disposition: form-data; name=\"productId\"\r\n\r\n22\r\n------WebKitFormBoundaryTFHI912sprDCeGYA\r\nContent-Disposition: form-data; name=\"subproductId\"\r\n\r\n31\r\n------WebKitFormBoundaryTFHI912sprDCeGYA\r\nContent-Disposition: form-data; name=\"index\"\r\n\r\n2\r\n------WebKitFormBoundaryTFHI912sprDCeGYA--\r\n","type":"entity.parse.failed"},"timestamp":"2019-04-08T10:44:56.323Z"}
{"level":"debug","message":{"expose":true,"statusCode":400,"status":400,"body":"------WebKitFormBoundary6rJKvYzqM8pm969a\r\nContent-Disposition: form-data; name=\"categoryId\"\r\n\r\n1\r\n------WebKitFormBoundary6rJKvYzqM8pm969a\r\nContent-Disposition: form-data; name=\"subcategoryId\"\r\n\r\n12\r\n------WebKitFormBoundary6rJKvYzqM8pm969a\r\nContent-Disposition: form-data; name=\"productId\"\r\n\r\n22\r\n------WebKitFormBoundary6rJKvYzqM8pm969a\r\nContent-Disposition: form-data; name=\"subproductId\"\r\n\r\n31\r\n------WebKitFormBoundary6rJKvYzqM8pm969a\r\nContent-Disposition: form-data; name=\"index\"\r\n\r\n3\r\n------WebKitFormBoundary6rJKvYzqM8pm969a--\r\n","type":"entity.parse.failed"},"timestamp":"2019-04-08T10:45:03.682Z"}
{"level":"debug","message":{"expose":true,"statusCode":400,"status":400,"body":"------WebKitFormBoundaryDliwj22SOZLA3GHb\r\nContent-Disposition: form-data; name=\"categoryId\"\r\n\r\n1\r\n------WebKitFormBoundaryDliwj22SOZLA3GHb\r\nContent-Disposition: form-data; name=\"subcategoryId\"\r\n\r\n12\r\n------WebKitFormBoundaryDliwj22SOZLA3GHb\r\nContent-Disposition: form-data; name=\"productId\"\r\n\r\n22\r\n------WebKitFormBoundaryDliwj22SOZLA3GHb\r\nContent-Disposition: form-data; name=\"subproductId\"\r\n\r\n31\r\n------WebKitFormBoundaryDliwj22SOZLA3GHb\r\nContent-Disposition: form-data; name=\"index\"\r\n\r\n2\r\n------WebKitFormBoundaryDliwj22SOZLA3GHb--\r\n","type":"entity.parse.failed"},"timestamp":"2019-04-08T10:46:40.609Z"}
{"level":"debug","message":{"expose":true,"statusCode":400,"status":400,"body":"------WebKitFormBoundaryA6mKEfvmGDXmaWg4\r\nContent-Disposition: form-data; name=\"categoryId\"\r\n\r\n1\r\n------WebKitFormBoundaryA6mKEfvmGDXmaWg4\r\nContent-Disposition: form-data; name=\"subcategoryId\"\r\n\r\n12\r\n------WebKitFormBoundaryA6mKEfvmGDXmaWg4\r\nContent-Disposition: form-data; name=\"productId\"\r\n\r\n22\r\n------WebKitFormBoundaryA6mKEfvmGDXmaWg4\r\nContent-Disposition: form-data; name=\"subproductId\"\r\n\r\n31\r\n------WebKitFormBoundaryA6mKEfvmGDXmaWg4\r\nContent-Disposition: form-data; name=\"index\"\r\n\r\n4\r\n------WebKitFormBoundaryA6mKEfvmGDXmaWg4--\r\n","type":"entity.parse.failed"},"timestamp":"2019-04-08T10:47:43.750Z"}
{"level":"debug","message":{"expose":true,"statusCode":400,"status":400,"body":"------WebKitFormBoundaryTYV8NCK4xRBxiCYb\r\nContent-Disposition: form-data; name=\"categoryId\"\r\n\r\n1\r\n------WebKitFormBoundaryTYV8NCK4xRBxiCYb\r\nContent-Disposition: form-data; name=\"subcategoryId\"\r\n\r\n12\r\n------WebKitFormBoundaryTYV8NCK4xRBxiCYb\r\nContent-Disposition: form-data; name=\"productId\"\r\n\r\n22\r\n------WebKitFormBoundaryTYV8NCK4xRBxiCYb\r\nContent-Disposition: form-data; name=\"subproductId\"\r\n\r\n31\r\n------WebKitFormBoundaryTYV8NCK4xRBxiCYb\r\nContent-Disposition: form-data; name=\"index\"\r\n\r\n4\r\n------WebKitFormBoundaryTYV8NCK4xRBxiCYb--\r\n","type":"entity.parse.failed"},"timestamp":"2019-04-08T10:48:25.661Z"}
{"level":"debug","message":{"expose":true,"statusCode":400,"status":400,"body":"------WebKitFormBoundarySLjlhBVJGgkBhTe1\r\nContent-Disposition: form-data; name=\"categoryId\"\r\n\r\n1\r\n------WebKitFormBoundarySLjlhBVJGgkBhTe1\r\nContent-Disposition: form-data; name=\"subcategoryId\"\r\n\r\n12\r\n------WebKitFormBoundarySLjlhBVJGgkBhTe1\r\nContent-Disposition: form-data; name=\"productId\"\r\n\r\n22\r\n------WebKitFormBoundarySLjlhBVJGgkBhTe1\r\nContent-Disposition: form-data; name=\"subproductId\"\r\n\r\n31\r\n------WebKitFormBoundarySLjlhBVJGgkBhTe1\r\nContent-Disposition: form-data; name=\"index\"\r\n\r\n2\r\n------WebKitFormBoundarySLjlhBVJGgkBhTe1--\r\n","type":"entity.parse.failed"},"timestamp":"2019-04-08T10:51:26.463Z"}
{"level":"debug","message":{"expose":true,"statusCode":400,"status":400,"body":"------WebKitFormBoundaryjgy9YsOluyVYO5NK\r\nContent-Disposition: form-data; name=\"categoryId\"\r\n\r\n1\r\n------WebKitFormBoundaryjgy9YsOluyVYO5NK\r\nContent-Disposition: form-data; name=\"subcategoryId\"\r\n\r\n12\r\n------WebKitFormBoundaryjgy9YsOluyVYO5NK\r\nContent-Disposition: form-data; name=\"productId\"\r\n\r\n22\r\n------WebKitFormBoundaryjgy9YsOluyVYO5NK\r\nContent-Disposition: form-data; name=\"subproductId\"\r\n\r\n31\r\n------WebKitFormBoundaryjgy9YsOluyVYO5NK\r\nContent-Disposition: form-data; name=\"index\"\r\n\r\n2\r\n------WebKitFormBoundaryjgy9YsOluyVYO5NK--\r\n","type":"entity.parse.failed"},"timestamp":"2019-04-08T10:52:31.664Z"}
{"level":"debug","message":{"expose":true,"statusCode":400,"status":400,"body":"------WebKitFormBoundaryjt8dcH3Vgw181S62\r\nContent-Disposition: form-data; name=\"categoryId\"\r\n\r\n1\r\n------WebKitFormBoundaryjt8dcH3Vgw181S62\r\nContent-Disposition: form-data; name=\"subcategoryId\"\r\n\r\n12\r\n------WebKitFormBoundaryjt8dcH3Vgw181S62\r\nContent-Disposition: form-data; name=\"productId\"\r\n\r\n22\r\n------WebKitFormBoundaryjt8dcH3Vgw181S62\r\nContent-Disposition: form-data; name=\"subproductId\"\r\n\r\n31\r\n------WebKitFormBoundaryjt8dcH3Vgw181S62\r\nContent-Disposition: form-data; name=\"index\"\r\n\r\n4\r\n------WebKitFormBoundaryjt8dcH3Vgw181S62--\r\n","type":"entity.parse.failed"},"timestamp":"2019-04-08T10:56:59.718Z"}
{"level":"debug","message":{"expose":true,"statusCode":400,"status":400,"body":"------WebKitFormBoundaryJW4XoaX6PZIChwoC\r\nContent-Disposition: form-data; name=\"categoryId\"\r\n\r\n1\r\n------WebKitFormBoundaryJW4XoaX6PZIChwoC\r\nContent-Disposition: form-data; name=\"subcategoryId\"\r\n\r\n12\r\n------WebKitFormBoundaryJW4XoaX6PZIChwoC\r\nContent-Disposition: form-data; name=\"productId\"\r\n\r\n22\r\n------WebKitFormBoundaryJW4XoaX6PZIChwoC\r\nContent-Disposition: form-data; name=\"subproductId\"\r\n\r\n31\r\n------WebKitFormBoundaryJW4XoaX6PZIChwoC\r\nContent-Disposition: form-data; name=\"index\"\r\n\r\n2\r\n------WebKitFormBoundaryJW4XoaX6PZIChwoC--\r\n","type":"entity.parse.failed"},"timestamp":"2019-04-08T10:59:48.742Z"}
{"level":"debug","message":{"expose":true,"statusCode":400,"status":400,"body":"------WebKitFormBoundarykioZhZ0xIKZkvmVX\r\nContent-Disposition: form-data; name=\"categoryId\"\r\n\r\n1\r\n------WebKitFormBoundarykioZhZ0xIKZkvmVX\r\nContent-Disposition: form-data; name=\"subcategoryId\"\r\n\r\n12\r\n------WebKitFormBoundarykioZhZ0xIKZkvmVX\r\nContent-Disposition: form-data; name=\"productId\"\r\n\r\n22\r\n------WebKitFormBoundarykioZhZ0xIKZkvmVX\r\nContent-Disposition: form-data; name=\"subproductId\"\r\n\r\n31\r\n------WebKitFormBoundarykioZhZ0xIKZkvmVX\r\nContent-Disposition: form-data; name=\"index\"\r\n\r\n2\r\n------WebKitFormBoundarykioZhZ0xIKZkvmVX--\r\n","type":"entity.parse.failed"},"timestamp":"2019-04-08T11:01:03.841Z"}
{"level":"debug","message":{"expose":true,"statusCode":400,"status":400,"body":"------WebKitFormBoundaryNb69sNQJKjx7VXQZ\r\nContent-Disposition: form-data; name=\"categoryId\"\r\n\r\n1\r\n------WebKitFormBoundaryNb69sNQJKjx7VXQZ\r\nContent-Disposition: form-data; name=\"subcategoryId\"\r\n\r\n12\r\n------WebKitFormBoundaryNb69sNQJKjx7VXQZ\r\nContent-Disposition: form-data; name=\"productId\"\r\n\r\n22\r\n------WebKitFormBoundaryNb69sNQJKjx7VXQZ\r\nContent-Disposition: form-data; name=\"subproductId\"\r\n\r\n31\r\n------WebKitFormBoundaryNb69sNQJKjx7VXQZ\r\nContent-Disposition: form-data; name=\"index\"\r\n\r\n2\r\n------WebKitFormBoundaryNb69sNQJKjx7VXQZ--\r\n","type":"entity.parse.failed"},"timestamp":"2019-04-08T11:08:20.222Z"}
{"level":"debug","message":{"expose":true,"statusCode":400,"status":400,"body":"------WebKitFormBoundary7ocCulqO6ThHF7KT\r\nContent-Disposition: form-data; name=\"categoryId\"\r\n\r\n1\r\n------WebKitFormBoundary7ocCulqO6ThHF7KT\r\nContent-Disposition: form-data; name=\"subcategoryId\"\r\n\r\n12\r\n------WebKitFormBoundary7ocCulqO6ThHF7KT\r\nContent-Disposition: form-data; name=\"productId\"\r\n\r\n22\r\n------WebKitFormBoundary7ocCulqO6ThHF7KT\r\nContent-Disposition: form-data; name=\"subproductId\"\r\n\r\n31\r\n------WebKitFormBoundary7ocCulqO6ThHF7KT\r\nContent-Disposition: form-data; name=\"index\"\r\n\r\n2\r\n------WebKitFormBoundary7ocCulqO6ThHF7KT--\r\n","type":"entity.parse.failed"},"timestamp":"2019-04-08T11:22:07.887Z"}
{"level":"debug","message":{},"timestamp":"2019-04-15T14:55:06.285Z"}
{"level":"debug","message":{},"timestamp":"2019-04-15T14:55:21.681Z"}
{"level":"debug","message":{},"timestamp":"2019-04-15T14:57:48.271Z"}
{"level":"debug","message":{},"timestamp":"2019-04-15T14:59:01.882Z"}
{"level":"debug","message":{},"timestamp":"2019-04-15T14:59:55.562Z"}
{"level":"debug","message":{},"timestamp":"2019-04-15T15:01:03.221Z"}
{"level":"debug","message":{},"timestamp":"2019-04-15T15:01:22.506Z"}
{"level":"debug","message":{},"timestamp":"2019-04-15T15:07:11.813Z"}
{"level":"debug","message":{},"timestamp":"2019-04-15T15:09:55.595Z"}
{"level":"debug","message":{},"timestamp":"2019-04-15T15:10:29.782Z"}
{"level":"debug","message":{},"timestamp":"2019-04-15T15:10:51.173Z"}
{"level":"debug","message":{},"timestamp":"2019-04-15T15:12:20.847Z"}
{"level":"debug","message":{},"timestamp":"2019-04-15T15:13:05.506Z"}
{"level":"debug","message":{},"timestamp":"2019-04-15T15:15:43.140Z"}
{"level":"debug","message":{},"timestamp":"2019-04-15T15:16:40.728Z"}
{"level":"debug","message":{},"timestamp":"2019-04-15T15:18:20.626Z"}
{"level":"debug","message":{},"timestamp":"2019-04-15T15:19:13.465Z"}
{"level":"debug","message":{},"timestamp":"2019-04-15T15:19:44.927Z"}
{"level":"debug","message":{},"timestamp":"2019-04-15T15:20:15.082Z"}
{"level":"debug","message":{},"timestamp":"2019-04-15T15:21:37.535Z"}
{"level":"debug","message":{},"timestamp":"2019-04-15T15:22:37.969Z"}
{"level":"debug","message":{},"timestamp":"2019-04-15T15:24:27.549Z"}
{"level":"debug","message":{},"timestamp":"2019-04-15T15:24:54.389Z"}
{"level":"debug","message":{},"timestamp":"2019-04-15T15:27:06.945Z"}
{"level":"debug","message":{},"timestamp":"2019-04-16T11:08:34.163Z"}
{"level":"debug","message":{},"timestamp":"2019-04-16T11:09:39.866Z"}
{"level":"debug","message":{},"timestamp":"2019-04-16T11:10:08.409Z"}
{"level":"debug","message":{},"timestamp":"2019-04-20T07:45:11.477Z"}
{"level":"debug","message":{},"timestamp":"2019-04-20T07:51:06.222Z"}
{"level":"debug","message":{},"timestamp":"2019-04-21T10:39:29.129Z"}
{"level":"debug","message":{},"timestamp":"2019-04-21T10:39:42.761Z"}
{"level":"debug","message":{},"timestamp":"2019-04-21T10:40:04.951Z"}
{"level":"debug","message":{},"timestamp":"2019-04-21T10:40:05.708Z"}
{"level":"debug","message":{},"timestamp":"2019-04-21T10:42:19.197Z"}
{"level":"debug","message":{"errno":-2,"code":"ENOENT","syscall":"open","path":"/uploads/categories","storageErrors":[]},"timestamp":"2019-05-23T07:26:01.032Z"}
{"level":"debug","message":{"errno":-2,"code":"ENOENT","syscall":"open","path":"/uploads/categories","storageErrors":[]},"timestamp":"2019-05-23T07:27:53.938Z"}
{"level":"debug","message":{"errno":-2,"code":"ENOENT","syscall":"open","path":"/uploads/categories","storageErrors":[]},"timestamp":"2019-05-23T07:28:31.609Z"}
{"level":"debug","message":{"errno":-2,"code":"ENOENT","syscall":"open","path":"/uploads/categories","storageErrors":[]},"timestamp":"2019-05-23T07:32:27.954Z"}
{"level":"debug","message":{"errno":-2,"code":"ENOENT","syscall":"open","path":"/uploads/categories","storageErrors":[]},"timestamp":"2019-05-23T07:33:08.555Z"}
{"level":"debug","message":{"errno":-2,"code":"ENOENT","syscall":"open","path":"/uploads/categories","storageErrors":[]},"timestamp":"2019-05-23T07:34:02.816Z"}
{"level":"debug","message":{"errno":-2,"code":"ENOENT","syscall":"open","path":"/uploads/categories","storageErrors":[]},"timestamp":"2019-05-23T07:38:18.359Z"}
{"level":"debug","message":{},"timestamp":"2019-06-01T16:02:08.305Z"}
{"level":"debug","message":{},"timestamp":"2019-06-01T16:02:13.322Z"}
{"level":"debug","message":{},"timestamp":"2019-06-01T16:03:11.364Z"}
{"level":"debug","message":{},"timestamp":"2019-06-01T16:03:20.620Z"}
{"level":"debug","message":{},"timestamp":"2019-06-01T16:05:14.773Z"}
{"level":"debug","message":{},"timestamp":"2019-06-01T16:06:08.004Z"}
{"level":"debug","message":{},"timestamp":"2019-06-01T16:06:28.087Z"}
{"level":"debug","message":{},"timestamp":"2019-06-01T16:06:45.791Z"}
{"level":"debug","message":{},"timestamp":"2019-06-01T16:06:52.959Z"}
{"level":"debug","message":{},"timestamp":"2019-06-01T16:08:08.573Z"}
{"level":"debug","message":{},"timestamp":"2019-06-01T16:09:32.308Z"}
{"level":"debug","message":{},"timestamp":"2019-06-01T16:10:36.757Z"}
{"level":"debug","message":{},"timestamp":"2019-06-01T19:22:36.641Z"}
{"level":"debug","message":{},"timestamp":"2019-06-01T19:25:01.384Z"}
{"level":"debug","message":{},"timestamp":"2019-06-02T08:51:06.783Z"}
{"level":"debug","message":{"message":"Callback must be a function, got [object Object]","name":"MongooseError"},"timestamp":"2019-06-02T08:51:50.643Z"}
{"level":"debug","message":{"message":"Callback must be a function, got [object Object]","name":"MongooseError"},"timestamp":"2019-06-02T08:53:37.779Z"}
{"level":"debug","message":{},"timestamp":"2019-06-02T11:53:08.465Z"}
{"level":"debug","message":{},"timestamp":"2019-06-02T11:56:47.083Z"}
{"level":"debug","message":{},"timestamp":"2019-06-04T18:24:15.650Z"}
{"level":"debug","message":{},"timestamp":"2019-06-04T18:31:53.586Z"}
{"level":"debug","message":{},"timestamp":"2019-06-04T19:51:02.030Z"}
{"level":"debug","message":{},"timestamp":"2019-06-04T19:52:01.217Z"}
{"level":"debug","message":{},"timestamp":"2019-06-05T10:36:34.669Z"}
{"level":"debug","message":{},"timestamp":"2019-06-05T10:36:34.686Z"}
{"level":"debug","message":{},"timestamp":"2019-06-05T10:37:46.872Z"}
{"level":"debug","message":{},"timestamp":"2019-06-05T10:37:46.886Z"}
{"level":"debug","message":{},"timestamp":"2019-06-05T10:38:54.690Z"}
{"level":"debug","message":{},"timestamp":"2019-06-05T10:38:54.694Z"}
{"level":"debug","message":{},"timestamp":"2019-06-05T10:40:29.223Z"}
{"level":"debug","message":{},"timestamp":"2019-06-05T10:40:29.227Z"}
{"level":"debug","message":{},"timestamp":"2019-06-05T10:41:37.093Z"}
{"level":"debug","message":{},"timestamp":"2019-06-05T10:41:37.098Z"}
{"level":"debug","message":{},"timestamp":"2019-06-05T10:44:14.042Z"}
{"level":"debug","message":{},"timestamp":"2019-06-05T10:44:14.046Z"}
{"level":"debug","message":{},"timestamp":"2019-06-05T10:48:14.555Z"}
{"level":"debug","message":{},"timestamp":"2019-06-05T10:48:14.558Z"}
{"level":"debug","message":{},"timestamp":"2019-06-05T10:49:21.974Z"}
{"level":"debug","message":{},"timestamp":"2019-06-05T10:49:21.979Z"}
{"level":"debug","message":{},"timestamp":"2019-06-05T10:52:39.744Z"}
{"level":"debug","message":{},"timestamp":"2019-06-05T10:52:39.768Z"}
{"level":"debug","message":{},"timestamp":"2019-06-05T11:31:32.903Z"}
{"level":"debug","message":{},"timestamp":"2019-06-05T11:31:32.948Z"}
{"level":"debug","message":{},"timestamp":"2019-06-05T11:33:48.839Z"}
{"level":"debug","message":{},"timestamp":"2019-06-05T11:33:48.879Z"}
{"level":"debug","message":{},"timestamp":"2019-06-05T11:36:35.088Z"}
{"level":"debug","message":{},"timestamp":"2019-06-05T11:36:35.132Z"}
{"level":"debug","message":{},"timestamp":"2019-06-05T11:37:30.075Z"}
{"level":"debug","message":{},"timestamp":"2019-06-05T11:37:30.107Z"}
{"level":"debug","message":{},"timestamp":"2019-06-05T11:38:40.817Z"}
{"level":"debug","message":{},"timestamp":"2019-06-05T11:38:40.849Z"}
{"level":"debug","message":{},"timestamp":"2019-06-05T11:39:07.055Z"}
{"level":"debug","message":{},"timestamp":"2019-06-05T11:39:07.070Z"}
{"level":"debug","message":{},"timestamp":"2019-06-05T11:41:42.610Z"}
{"level":"debug","message":{},"timestamp":"2019-06-05T11:41:42.785Z"}
{"message":"trying to upload files","level":"debug","timestamp":"2019-06-05T16:01:16.138Z"}
{"level":"debug","message":{},"timestamp":"2019-06-05T16:01:29.319Z"}
{"level":"debug","message":{},"timestamp":"2019-06-05T16:03:01.315Z"}
{"level":"debug","message":{},"timestamp":"2019-06-05T16:04:00.642Z"}
{"level":"debug","message":{},"timestamp":"2019-06-05T16:04:07.000Z"}
{"level":"debug","message":{},"timestamp":"2019-06-05T16:05:55.749Z"}
{"level":"debug","message":{},"timestamp":"2019-06-05T16:10:58.055Z"}
{"level":"debug","message":{},"timestamp":"2019-06-05T16:12:54.570Z"}
{"level":"debug","message":{},"timestamp":"2019-06-05T16:13:50.093Z"}
{"level":"debug","message":{},"timestamp":"2019-06-05T16:14:40.617Z"}
{"level":"debug","message":{},"timestamp":"2019-06-07T10:56:15.577Z"}
{"level":"debug","message":{},"timestamp":"2019-06-07T21:14:32.713Z"}
{"level":"debug","message":{},"timestamp":"2019-06-07T21:15:32.302Z"}
{"level":"debug","message":{},"timestamp":"2019-06-07T21:17:23.999Z"}
{"level":"debug","message":{},"timestamp":"2019-06-07T21:17:52.350Z"}
{"level":"debug","message":{},"timestamp":"2019-06-07T21:18:38.737Z"}
{"level":"debug","message":{},"timestamp":"2019-06-07T21:19:20.267Z"}
{"level":"debug","message":{},"timestamp":"2019-06-07T21:20:16.573Z"}
{"message":"trying to upload files","level":"debug","timestamp":"2019-06-12T12:12:27.156Z"}
{"level":"debug","message":{},"timestamp":"2019-06-12T21:18:00.948Z"}
{"message":"trying to upload files","level":"debug","timestamp":"2019-06-13T20:26:00.316Z"}
{"message":"trying to upload files","level":"debug","timestamp":"2019-06-13T20:27:40.811Z"}
{"message":"trying to upload files","level":"debug","timestamp":"2019-06-13T20:27:58.167Z"}
{"message":"trying to upload files","level":"debug","timestamp":"2019-06-13T20:32:34.867Z"}
{"message":"trying to upload files","level":"debug","timestamp":"2019-06-13T20:33:17.351Z"}
{"message":"trying to upload files","level":"debug","timestamp":"2019-06-13T20:43:18.333Z"}
{"message":"trying to upload files","level":"debug","timestamp":"2019-06-13T21:15:26.888Z"}
{"message":"trying to upload files","level":"debug","timestamp":"2019-06-13T21:15:26.940Z"}
{"message":"trying to upload files","level":"debug","timestamp":"2019-06-13T21:15:26.944Z"}
{"message":"trying to upload files","level":"debug","timestamp":"2019-06-13T21:16:38.554Z"}
{"message":"trying to upload files","level":"debug","timestamp":"2019-06-13T21:16:38.602Z"}
{"message":"trying to upload files","level":"debug","timestamp":"2019-06-13T21:16:38.606Z"}
{"message":"trying to upload files","level":"debug","timestamp":"2019-06-13T21:18:03.895Z"}
{"message":"trying to upload files","level":"debug","timestamp":"2019-06-13T21:18:03.934Z"}
{"message":"trying to upload files","level":"debug","timestamp":"2019-06-13T21:18:03.938Z"}
{"message":"trying to upload files","level":"debug","timestamp":"2019-06-13T21:21:35.490Z"}
{"message":"trying to upload files","level":"debug","timestamp":"2019-06-13T21:51:44.233Z"}
{"message":"trying to upload files","level":"debug","timestamp":"2019-06-13T22:06:21.765Z"}
{"message":"trying to upload files","level":"debug","timestamp":"2019-06-13T22:12:43.651Z"}
{"message":"trying to upload files","level":"debug","timestamp":"2019-06-13T22:14:35.932Z"}
{"message":"trying to upload files","level":"debug","timestamp":"2019-06-13T22:15:37.847Z"}
{"message":"trying to upload files","level":"debug","timestamp":"2019-06-13T22:17:01.247Z"}
{"message":"trying to upload files","level":"debug","timestamp":"2019-06-13T22:19:40.146Z"}
{"message":"trying to upload files","level":"debug","timestamp":"2019-06-13T22:26:19.519Z"}
{"message":"trying to upload files","level":"debug","timestamp":"2019-06-13T22:28:50.399Z"}
{"message":"trying to upload files","level":"debug","timestamp":"2019-06-13T22:41:54.301Z"}
{"message":"trying to upload files","level":"debug","timestamp":"2019-06-13T22:43:49.328Z"}
{"message":"trying to upload files","level":"debug","timestamp":"2019-06-13T22:44:40.024Z"}
{"level":"debug","message":{},"timestamp":"2019-06-18T19:16:41.207Z"}
{"level":"debug","message":{},"timestamp":"2019-06-19T21:27:45.585Z"}
{"level":"debug","message":{},"timestamp":"2019-06-20T22:34:47.873Z"}
{"level":"debug","message":{},"timestamp":"2019-06-20T22:38:29.815Z"}
{"level":"debug","message":{},"timestamp":"2019-06-20T22:39:08.740Z"}
{"level":"debug","message":{},"timestamp":"2019-06-20T22:43:07.750Z"}
{"level":"debug","message":{},"timestamp":"2019-06-20T22:45:15.139Z"}
{"level":"debug","message":{},"timestamp":"2019-06-20T22:46:09.730Z"}
{"level":"debug","message":{},"timestamp":"2019-06-20T22:47:19.361Z"}
{"level":"debug","message":{},"timestamp":"2019-06-20T22:48:15.270Z"}
{"level":"debug","message":{},"timestamp":"2019-06-29T05:24:12.674Z"}
{"level":"debug","message":{},"timestamp":"2019-06-29T05:24:12.690Z"}
{"level":"debug","message":{},"timestamp":"2019-06-29T05:25:59.717Z"}
{"level":"debug","message":{},"timestamp":"2019-06-29T05:26:01.675Z"}
{"level":"debug","message":{},"timestamp":"2019-06-30T18:24:37.375Z"}
{"level":"debug","message":{},"timestamp":"2019-06-30T18:25:15.109Z"}
{"level":"debug","message":{},"timestamp":"2019-06-30T18:31:35.844Z"}
{"level":"debug","message":{},"timestamp":"2019-06-30T18:31:46.284Z"}
{"level":"debug","message":{},"timestamp":"2019-06-30T18:32:15.101Z"}
{"level":"debug","message":{},"timestamp":"2019-06-30T18:32:28.187Z"}
{"level":"debug","message":{},"timestamp":"2019-06-30T18:33:15.339Z"}
{"level":"debug","message":{},"timestamp":"2019-06-30T18:33:21.371Z"}
{"level":"debug","message":{},"timestamp":"2019-07-03T17:45:18.153Z"}
{"level":"debug","message":{},"timestamp":"2019-07-03T17:47:18.592Z"}
{"level":"debug","message":{},"timestamp":"2019-07-04T19:30:47.130Z"}
{"level":"debug","message":{},"timestamp":"2019-07-04T19:31:22.876Z"}
{"level":"debug","message":{},"timestamp":"2019-07-05T06:07:01.337Z"}
{"level":"debug","message":{},"timestamp":"2019-07-05T06:18:24.264Z"}
{"level":"debug","message":{},"timestamp":"2019-07-05T06:21:44.210Z"}
{"level":"debug","message":{},"timestamp":"2019-07-05T06:22:18.046Z"}
{"level":"debug","message":{},"timestamp":"2019-07-05T06:24:34.951Z"}
{"level":"debug","message":{},"timestamp":"2019-07-05T06:26:49.894Z"}
{"level":"debug","message":{"message":"request entity too large","expected":1120082,"length":1120082,"limit":102400,"type":"entity.too.large"},"timestamp":"2019-07-05T07:10:38.529Z"}
{"level":"debug","message":{"message":"request entity too large","expected":1120082,"length":1120082,"limit":102400,"type":"entity.too.large"},"timestamp":"2019-07-05T07:10:57.128Z"}
{"level":"debug","message":{"message":"request entity too large","expected":1120572,"length":1120572,"limit":102400,"type":"entity.too.large"},"timestamp":"2019-07-05T07:26:06.482Z"}
{"level":"debug","message":{"message":"request entity too large","expected":1120572,"length":1120572,"limit":102400,"type":"entity.too.large"},"timestamp":"2019-07-05T07:28:03.041Z"}
{"level":"debug","message":{},"timestamp":"2019-07-05T12:01:59.171Z"}
{"level":"debug","message":{},"timestamp":"2019-07-05T16:11:55.760Z"}
{"level":"debug","message":{},"timestamp":"2019-07-05T16:12:49.699Z"}
{"level":"debug","message":{},"timestamp":"2019-07-05T16:15:59.265Z"}
{"level":"debug","message":{},"timestamp":"2019-07-05T16:16:50.373Z"}
{"level":"debug","message":{},"timestamp":"2019-07-05T19:25:43.060Z"}
{"level":"debug","message":{},"timestamp":"2019-07-12T15:58:44.046Z"}
{"level":"debug","message":{},"timestamp":"2019-07-12T15:59:42.079Z"}
{"level":"debug","message":{},"timestamp":"2019-07-12T16:00:02.414Z"}
{"level":"debug","message":{},"timestamp":"2019-07-12T16:00:21.014Z"}
{"level":"debug","message":{},"timestamp":"2019-07-12T16:00:59.102Z"}
{"level":"debug","message":{},"timestamp":"2019-07-12T16:01:44.402Z"}
{"level":"debug","message":{},"timestamp":"2019-07-12T16:02:24.251Z"}
{"level":"debug","message":{},"timestamp":"2019-07-12T16:04:33.574Z"}
{"level":"debug","message":{},"timestamp":"2019-07-12T16:05:48.798Z"}
{"level":"debug","message":{},"timestamp":"2019-07-19T10:20:50.545Z"}
{"level":"debug","message":{},"timestamp":"2019-07-19T10:25:06.893Z"}
{"level":"debug","message":{},"timestamp":"2019-07-19T10:25:44.332Z"}
{"level":"debug","message":{},"timestamp":"2019-07-19T10:26:09.089Z"}
{"level":"debug","message":{},"timestamp":"2019-07-19T10:28:25.071Z"}
{"level":"debug","message":{},"timestamp":"2019-07-20T06:50:05.400Z"}
{"level":"debug","message":{},"timestamp":"2019-07-20T06:50:41.731Z"}
{"level":"debug","message":{},"timestamp":"2019-07-20T06:52:01.545Z"}
{"level":"debug","message":{},"timestamp":"2019-07-20T09:34:40.539Z"}
{"level":"debug","message":{},"timestamp":"2019-07-20T10:04:08.443Z"}
{"level":"debug","message":{},"timestamp":"2019-07-20T17:52:36.663Z"}
{"level":"debug","message":{},"timestamp":"2019-07-20T17:53:17.634Z"}
{"level":"debug","message":{},"timestamp":"2019-07-20T17:54:28.711Z"}
{"level":"debug","message":{},"timestamp":"2019-07-20T18:01:26.140Z"}
{"level":"debug","message":{},"timestamp":"2019-07-20T18:19:26.808Z"}
{"level":"debug","message":{},"timestamp":"2019-07-20T18:20:37.965Z"}
{"level":"debug","message":{},"timestamp":"2019-07-20T18:21:07.988Z"}
{"level":"debug","message":{},"timestamp":"2019-07-20T18:38:28.508Z"}
{"level":"debug","message":{},"timestamp":"2019-07-20T18:39:26.716Z"}
{"level":"debug","message":{},"timestamp":"2019-07-20T18:39:31.526Z"}
{"level":"debug","message":{},"timestamp":"2019-07-20T18:39:33.314Z"}
{"level":"debug","message":{},"timestamp":"2019-07-20T18:42:29.887Z"}
{"level":"debug","message":{},"timestamp":"2019-07-20T18:46:24.017Z"}
{"level":"debug","message":{},"timestamp":"2019-07-20T18:47:53.147Z"}
{"level":"debug","message":{},"timestamp":"2019-07-20T18:58:46.269Z"}
{"level":"debug","message":{},"timestamp":"2019-07-20T18:58:57.312Z"}
{"level":"debug","message":{},"timestamp":"2019-07-20T19:04:11.405Z"}
{"level":"debug","message":{},"timestamp":"2019-07-20T19:05:10.991Z"}
{"level":"debug","message":{},"timestamp":"2019-07-23T07:22:35.843Z"}
{"level":"debug","message":{},"timestamp":"2019-07-23T07:28:02.498Z"}
{"level":"debug","message":{},"timestamp":"2019-07-23T07:28:11.751Z"}
{"level":"debug","message":{},"timestamp":"2019-07-23T07:28:11.755Z"}
{"level":"debug","message":{},"timestamp":"2019-07-23T07:28:11.803Z"}
{"level":"debug","message":{},"timestamp":"2019-07-23T07:28:11.804Z"}
{"level":"debug","message":{},"timestamp":"2019-07-23T07:28:23.660Z"}
{"level":"debug","message":{},"timestamp":"2019-07-23T07:28:43.906Z"}
{"level":"debug","message":{},"timestamp":"2019-07-23T07:28:45.019Z"}
{"level":"debug","message":{"name":"TokenError","message":"Unauthorized","code":"invalid_client","status":500},"timestamp":"2019-07-23T07:50:11.492Z"}
{"level":"debug","message":{"name":"TokenError","message":"Unauthorized","code":"invalid_client","status":500},"timestamp":"2019-07-23T07:51:33.076Z"}
{"level":"debug","message":{},"timestamp":"2019-07-23T07:52:13.819Z"}
{"level":"debug","message":{},"timestamp":"2019-07-23T07:57:02.909Z"}
{"level":"debug","message":{},"timestamp":"2019-07-23T07:57:27.324Z"}
{"level":"debug","message":{},"timestamp":"2019-07-23T07:59:11.710Z"}
{"level":"debug","message":{},"timestamp":"2019-07-23T08:00:13.316Z"}
{"level":"debug","message":{},"timestamp":"2019-07-23T08:03:31.996Z"}
{"level":"debug","message":{},"timestamp":"2019-07-23T08:04:35.787Z"}
{"level":"debug","message":{},"timestamp":"2019-07-23T08:06:19.917Z"}
{"level":"debug","message":{},"timestamp":"2019-07-23T08:08:41.438Z"}
{"level":"debug","message":{"name":"TokenError","message":"Bad Request","code":"invalid_grant","status":500},"timestamp":"2019-07-23T08:09:59.759Z"}
{"level":"debug","message":{"name":"TokenError","message":"Bad Request","code":"invalid_grant","status":500},"timestamp":"2019-07-23T08:10:07.463Z"}
{"level":"debug","message":{"name":"TokenError","message":"Bad Request","code":"invalid_grant","status":500},"timestamp":"2019-07-23T08:10:12.842Z"}
{"level":"debug","message":{},"timestamp":"2019-07-23T08:10:20.959Z"}
{"level":"debug","message":{},"timestamp":"2019-07-23T08:13:44.502Z"}
{"level":"debug","message":{},"timestamp":"2019-07-23T08:14:12.080Z"}
{"level":"debug","message":{},"timestamp":"2019-07-23T08:15:30.283Z"}
{"level":"debug","message":{},"timestamp":"2019-07-23T08:16:48.472Z"}
{"level":"debug","message":{},"timestamp":"2019-07-23T08:17:15.505Z"}
{"level":"debug","message":{},"timestamp":"2019-07-23T08:18:28.416Z"}
{"level":"debug","message":{},"timestamp":"2019-07-23T08:20:22.274Z"}
{"level":"debug","message":{},"timestamp":"2019-07-23T08:24:39.112Z"}
{"level":"debug","message":{},"timestamp":"2019-07-23T08:26:46.130Z"}
{"level":"debug","message":{"name":"TokenError","message":"Bad Request","code":"redirect_uri_mismatch","status":500},"timestamp":"2019-07-23T08:32:41.003Z"}
{"level":"debug","message":{},"timestamp":"2019-07-23T08:33:09.127Z"}
{"level":"debug","message":{},"timestamp":"2019-07-23T08:35:51.641Z"}
{"level":"debug","message":{},"timestamp":"2019-07-23T08:38:14.373Z"}
{"level":"debug","message":{},"timestamp":"2019-07-23T18:04:19.991Z"}
{"level":"debug","message":{},"timestamp":"2019-07-23T18:06:24.751Z"}
{"level":"debug","message":{},"timestamp":"2019-07-23T18:07:20.946Z"}
{"level":"debug","message":{},"timestamp":"2019-07-23T18:11:08.127Z"}
{"level":"debug","message":{"name":"TokenError","message":"Bad Request","code":"invalid_grant","status":500},"timestamp":"2019-07-23T18:43:36.764Z"}
{"level":"debug","message":{},"timestamp":"2019-07-24T11:08:55.967Z"}
{"level":"debug","message":{"name":"FacebookTokenError","message":"This authorization code has been used.","type":"OAuthException","code":100,"traceID":"AfXlQJ8kC1V4pbIuIt9ATRd","status":500},"timestamp":"2019-07-24T14:59:02.571Z"}
{"level":"debug","message":{"name":"FacebookTokenError","message":"This authorization code has been used.","type":"OAuthException","code":100,"traceID":"Ac1tPefUuB-5O-ttGHOPkQp","status":500},"timestamp":"2019-07-24T15:02:18.427Z"}
{"level":"debug","message":{},"timestamp":"2019-07-24T15:02:33.354Z"}
{"level":"debug","message":{},"timestamp":"2019-07-24T15:02:54.009Z"}
{"level":"debug","message":{},"timestamp":"2019-07-24T15:03:09.658Z"}
{"level":"debug","message":{"name":"FacebookTokenError","message":"This authorization code has been used.","type":"OAuthException","code":100,"traceID":"AxXEA-mEPQJF612SOkcSkzD","status":500},"timestamp":"2019-07-24T15:06:25.767Z"}
{"message":"trying to upload files","level":"debug","timestamp":"2019-07-25T12:05:18.187Z"}
{"message":"trying to upload files","level":"debug","timestamp":"2019-07-25T17:22:50.753Z"}
{"message":"trying to upload files","level":"debug","timestamp":"2019-07-27T08:28:27.484Z"}
{"message":"trying to upload files","level":"debug","timestamp":"2019-07-27T08:41:48.143Z"}
{"message":"trying to upload files","level":"debug","timestamp":"2019-07-27T08:44:28.430Z"}
{"message":"trying to upload files","level":"debug","timestamp":"2019-07-27T08:53:31.456Z"}
{"message":"trying to upload files","level":"debug","timestamp":"2019-07-27T09:10:18.060Z"}
{"message":"trying to upload files","level":"debug","timestamp":"2019-07-27T09:12:04.835Z"}
{"message":"trying to upload files","level":"debug","timestamp":"2019-07-27T09:13:20.507Z"}
{"message":"trying to upload files","level":"debug","timestamp":"2019-07-27T10:05:33.395Z"}
{"message":"trying to upload files","level":"debug","timestamp":"2019-07-27T10:13:17.471Z"}
{"message":"trying to upload files","level":"debug","timestamp":"2019-07-27T10:28:54.780Z"}
{"message":"trying to upload files","level":"debug","timestamp":"2019-07-27T10:29:56.276Z"}
{"message":"trying to upload files","level":"debug","timestamp":"2019-07-27T10:31:08.978Z"}
{"message":"trying to upload files","level":"debug","timestamp":"2019-07-27T10:47:10.791Z"}
{"message":"trying to upload files","level":"debug","timestamp":"2019-07-27T10:47:50.661Z"}
{"message":"trying to upload files","level":"debug","timestamp":"2019-07-27T11:22:54.302Z"}
{"message":"trying to upload files","level":"debug","timestamp":"2019-07-27T11:41:23.308Z"}
{"level":"debug","message":{},"timestamp":"2019-07-27T15:19:32.798Z"}
{"message":"trying to upload files","level":"debug","timestamp":"2019-07-27T15:45:02.930Z"}
{"message":"trying to upload files","level":"debug","timestamp":"2019-07-29T13:44:07.721Z"}
{"level":"debug","message":{},"timestamp":"2019-07-30T16:57:03.600Z"}
{"level":"debug","message":{},"timestamp":"2019-08-04T05:32:17.281Z"}
{"level":"debug","message":{},"timestamp":"2019-08-04T05:32:44.829Z"}
{"level":"debug","message":{},"timestamp":"2019-08-04T05:33:10.208Z"}
{"level":"debug","message":{},"timestamp":"2019-08-04T05:33:32.257Z"}
{"level":"debug","message":{},"timestamp":"2019-08-04T05:48:36.763Z"}
{"message":"trying to upload files","level":"debug","timestamp":"2019-08-04T07:13:04.820Z"}
{"level":"debug","message":{},"timestamp":"2019-08-07T09:39:16.428Z"}
{"level":"debug","message":{},"timestamp":"2019-08-07T09:43:24.293Z"}
{"level":"debug","message":{},"timestamp":"2019-08-07T09:50:52.718Z"}
{"level":"debug","message":{},"timestamp":"2019-08-07T09:52:15.850Z"}
{"level":"debug","message":{},"timestamp":"2019-08-07T09:53:00.884Z"}
{"level":"debug","message":{},"timestamp":"2019-08-07T09:53:39.498Z"}
{"level":"debug","message":{},"timestamp":"2019-08-07T10:00:11.213Z"}
{"message":"trying to upload files","level":"debug","timestamp":"2019-08-12T10:53:15.179Z"}
{"level":"debug","message":{},"timestamp":"2019-08-16T10:11:34.232Z"}
{"level":"debug","message":{},"timestamp":"2019-08-16T10:11:36.700Z"}
{"level":"debug","message":{},"timestamp":"2019-08-16T10:11:38.892Z"}
{"level":"debug","message":{},"timestamp":"2019-08-16T10:11:40.397Z"}
{"level":"debug","message":{},"timestamp":"2019-08-16T10:11:42.013Z"}
{"level":"debug","message":{},"timestamp":"2019-08-16T10:11:42.664Z"}
{"level":"debug","message":{},"timestamp":"2019-08-16T10:11:43.235Z"}
{"level":"debug","message":{},"timestamp":"2019-08-16T10:11:43.246Z"}
{"level":"debug","message":{},"timestamp":"2019-08-16T10:11:44.478Z"}
{"level":"debug","message":{},"timestamp":"2019-08-16T10:11:44.492Z"}
{"level":"debug","message":{},"timestamp":"2019-08-16T10:20:03.769Z"}
{"level":"debug","message":{},"timestamp":"2019-08-16T10:20:25.951Z"}
{"level":"debug","message":{},"timestamp":"2019-08-16T19:13:48.950Z"}
{"level":"debug","message":{},"timestamp":"2019-08-17T13:44:32.831Z"}
{"level":"debug","message":{},"timestamp":"2019-08-17T13:45:38.814Z"}
{"level":"debug","message":{},"timestamp":"2019-08-17T13:48:29.893Z"}
{"level":"debug","message":{},"timestamp":"2019-08-19T17:46:41.507Z"}
{"level":"debug","message":{},"timestamp":"2019-08-19T17:47:25.807Z"}
{"message":"no results","level":"debug","timestamp":"2019-08-19T18:29:52.020Z"}
{"message":"no results","level":"debug","timestamp":"2019-08-19T18:30:48.678Z"}
{"message":"no results","level":"debug","timestamp":"2019-08-19T18:32:36.579Z"}
{"message":"no results","level":"debug","timestamp":"2019-08-19T18:32:47.908Z"}
{"level":"debug","message":{},"timestamp":"2019-08-19T18:32:55.625Z"}
{"level":"debug","message":{},"timestamp":"2019-08-19T19:18:03.798Z"}
{"message":"no results","level":"debug","timestamp":"2019-08-19T19:29:55.748Z"}
{"message":"no results","level":"debug","timestamp":"2019-08-19T19:30:00.797Z"}
{"message":"no results","level":"debug","timestamp":"2019-08-19T19:30:07.777Z"}
{"message":"no results","level":"debug","timestamp":"2019-08-19T19:30:08.843Z"}
{"message":"no results","level":"debug","timestamp":"2019-08-19T19:30:10.190Z"}
{"message":"no results","level":"debug","timestamp":"2019-08-19T19:30:10.854Z"}
{"message":"no results","level":"debug","timestamp":"2019-08-19T19:30:13.472Z"}
{"message":"no results","level":"debug","timestamp":"2019-08-19T19:30:13.638Z"}
{"message":"no results","level":"debug","timestamp":"2019-08-19T19:31:27.858Z"}
{"message":"no results","level":"debug","timestamp":"2019-08-19T19:31:28.986Z"}
{"message":"no results","level":"debug","timestamp":"2019-08-19T19:31:50.243Z"}
{"message":"no results","level":"debug","timestamp":"2019-08-19T19:31:53.780Z"}
{"message":"no results","level":"debug","timestamp":"2019-08-19T19:31:59.602Z"}
{"message":"no results","level":"debug","timestamp":"2019-08-19T19:32:01.434Z"}
{"message":"no results","level":"debug","timestamp":"2019-08-19T19:32:02.468Z"}
{"message":"no results","level":"debug","timestamp":"2019-08-19T19:32:03.037Z"}
{"message":"no results","level":"debug","timestamp":"2019-08-19T19:32:05.336Z"}
{"message":"no results","level":"debug","timestamp":"2019-08-19T19:32:06.042Z"}
{"message":"no results","level":"debug","timestamp":"2019-08-19T19:32:06.156Z"}
{"message":"no results","level":"debug","timestamp":"2019-08-19T19:32:07.077Z"}
{"message":"no results","level":"debug","timestamp":"2019-08-19T19:32:07.692Z"}
{"message":"no results","level":"debug","timestamp":"2019-08-19T19:32:52.339Z"}
{"message":"no results","level":"debug","timestamp":"2019-08-19T19:33:25.309Z"}
{"message":"no results","level":"debug","timestamp":"2019-08-19T19:34:02.889Z"}
{"message":"no results","level":"debug","timestamp":"2019-08-19T19:34:25.770Z"}
{"message":"no results","level":"debug","timestamp":"2019-08-19T19:34:27.671Z"}
{"message":"no results","level":"debug","timestamp":"2019-08-19T19:34:32.100Z"}
{"message":"no results","level":"debug","timestamp":"2019-08-19T19:34:32.645Z"}
{"message":"no results","level":"debug","timestamp":"2019-08-19T19:36:30.494Z"}
{"message":"no results","level":"debug","timestamp":"2019-08-19T19:37:23.266Z"}
{"message":"no results","level":"debug","timestamp":"2019-08-19T19:37:36.390Z"}
{"message":"no results","level":"debug","timestamp":"2019-08-19T19:37:41.990Z"}
{"message":"no results","level":"debug","timestamp":"2019-08-19T19:37:54.104Z"}
{"message":"no results","level":"debug","timestamp":"2019-08-19T19:37:56.929Z"}
{"message":"no results","level":"debug","timestamp":"2019-08-19T19:37:59.737Z"}
{"message":"no results","level":"debug","timestamp":"2019-08-19T19:44:30.953Z"}
{"message":"no results","level":"debug","timestamp":"2019-08-19T19:45:27.134Z"}
{"message":"no results","level":"debug","timestamp":"2019-08-19T19:45:34.208Z"}
{"message":"no results","level":"debug","timestamp":"2019-08-19T19:45:38.484Z"}
{"message":"no results","level":"debug","timestamp":"2019-08-19T19:46:09.317Z"}
{"message":"no results","level":"debug","timestamp":"2019-08-19T19:49:27.512Z"}
{"message":"no results","level":"debug","timestamp":"2019-08-19T19:50:01.963Z"}
{"message":"no results","level":"debug","timestamp":"2019-08-19T19:50:05.414Z"}
{"message":"no results","level":"debug","timestamp":"2019-08-19T19:52:26.149Z"}
{"level":"debug","message":{},"timestamp":"2019-08-21T13:03:07.614Z"}
{"message":"no results","level":"debug","timestamp":"2019-08-21T13:43:58.578Z"}
{"message":"no results","level":"debug","timestamp":"2019-08-21T13:44:05.230Z"}
{"message":"no results","level":"debug","timestamp":"2019-08-22T09:45:08.088Z"}
{"level":"debug","message":{},"timestamp":"2019-08-24T18:23:47.190Z"}
{"level":"debug","message":{},"timestamp":"2019-08-24T18:26:36.044Z"}
{"message":"trying to upload files","level":"debug","timestamp":"2019-08-25T14:26:10.446Z"}
{"level":"debug","message":{},"timestamp":"2019-09-21T08:40:25.787Z"}
{"level":"debug","message":{},"timestamp":"2019-09-21T08:55:48.105Z"}
{"level":"debug","message":{},"timestamp":"2019-09-21T08:55:48.116Z"}
{"level":"debug","message":{},"timestamp":"2019-09-21T08:57:06.501Z"}
{"level":"debug","message":{},"timestamp":"2019-09-21T08:57:06.508Z"}
{"level":"debug","message":{},"timestamp":"2019-09-21T09:04:21.845Z"}
{"level":"debug","message":{},"timestamp":"2019-09-21T09:05:03.765Z"}
{"level":"debug","message":{},"timestamp":"2019-09-21T09:05:56.896Z"}
{"message":"trying to upload files","level":"debug","timestamp":"2019-09-30T12:17:10.369Z"}
{"level":"debug","message":{},"timestamp":"2019-10-02T16:53:56.842Z"}
{"level":"debug","message":{},"timestamp":"2019-10-12T07:16:46.083Z"}
{"level":"debug","message":{},"timestamp":"2019-10-12T07:17:43.005Z"}
{"level":"debug","message":{},"timestamp":"2019-10-14T14:29:32.141Z"}
{"message":"no results","level":"debug","timestamp":"2019-10-17T08:23:44.235Z"}
{"message":"no results","level":"debug","timestamp":"2019-10-17T08:24:11.061Z"}
{"message":"no results","level":"debug","timestamp":"2019-10-17T08:24:15.797Z"}
{"message":"trying to upload files","level":"debug","timestamp":"2019-10-25T08:04:26.728Z"}
{"message":"trying to upload files","level":"debug","timestamp":"2019-10-28T09:00:00.097Z"}
{"message":"trying to upload files","level":"debug","timestamp":"2019-10-30T10:34:02.618Z"}
{"level":"debug","message":{},"timestamp":"2019-10-30T14:10:30.598Z"}
{"message":"trying to upload files","level":"debug","timestamp":"2019-10-30T14:16:40.076Z"}
{"message":"trying to upload files","level":"debug","timestamp":"2019-10-30T14:21:32.002Z"}
{"level":"debug","message":{},"timestamp":"2019-11-01T06:27:07.680Z"}
{"level":"debug","message":{},"timestamp":"2019-11-01T15:07:20.676Z"}
{"level":"debug","message":{},"timestamp":"2019-11-01T16:51:43.018Z"}
{"level":"debug","message":{},"timestamp":"2019-11-01T16:52:18.044Z"}
{"level":"debug","message":{},"timestamp":"2019-11-01T16:56:20.098Z"}
{"level":"debug","message":{},"timestamp":"2019-11-01T16:56:20.107Z"}
{"level":"debug","message":{},"timestamp":"2019-11-01T16:56:20.533Z"}
{"level":"debug","message":{},"timestamp":"2019-11-01T16:56:20.537Z"}
{"level":"debug","message":{},"timestamp":"2019-11-01T16:58:04.592Z"}
{"level":"debug","message":{},"timestamp":"2019-11-01T16:58:04.733Z"}
{"level":"debug","message":{},"timestamp":"2019-11-01T16:58:05.045Z"}
{"level":"debug","message":{},"timestamp":"2019-11-01T16:58:05.091Z"}
{"level":"debug","message":{},"timestamp":"2019-11-01T16:58:25.996Z"}
{"level":"debug","message":{},"timestamp":"2019-11-01T16:58:26.379Z"}
{"level":"debug","message":{},"timestamp":"2019-11-01T16:58:50.629Z"}
{"level":"debug","message":{},"timestamp":"2019-11-01T16:58:50.647Z"}
{"level":"debug","message":{},"timestamp":"2019-11-01T16:58:51.001Z"}
{"level":"debug","message":{},"timestamp":"2019-11-01T16:58:51.021Z"}
{"message":"trying to upload files","level":"debug","timestamp":"2019-12-05T18:08:34.159Z"}
{"message":"trying to upload files","level":"debug","timestamp":"2019-12-08T13:28:44.771Z"}
{"level":"debug","message":{},"timestamp":"2019-12-08T13:29:48.813Z"}
{"level":"debug","message":{},"timestamp":"2019-12-08T13:32:04.097Z"}
{"message":"trying to upload files","level":"debug","timestamp":"2019-12-08T13:56:32.531Z"}
{"message":"trying to upload files","level":"debug","timestamp":"2019-12-08T14:08:17.304Z"}
{"level":"debug","message":{"errno":-2,"code":"ENOENT","syscall":"stat","path":"/Users/milanrawat/Documents/backend-master 2/api/public/dist/index.html","expose":false,"statusCode":404,"status":404},"timestamp":"2019-12-11T13:22:47.609Z"}
{"level":"debug","message":{"name":"TokenError","message":"Bad Request","code":"invalid_grant","status":500},"timestamp":"2019-12-13T16:58:34.738Z"}
{"level":"debug","message":{"name":"TokenError","message":"Bad Request","code":"invalid_grant","status":500},"timestamp":"2019-12-14T09:45:25.486Z"}
{"message":"trying to upload files","level":"debug","timestamp":"2019-12-21T20:11:03.676Z"}
{"message":"trying to upload files","level":"debug","timestamp":"2019-12-21T20:18:22.206Z"}
{"level":"debug","message":{"name":"TokenError","message":"Bad Request","code":"invalid_grant","status":500},"timestamp":"2019-12-21T20:38:37.773Z"}
{"level":"debug","message":{"name":"TokenError","message":"Bad Request","code":"invalid_grant","status":500},"timestamp":"2019-12-21T20:38:40.318Z"}
{"level":"debug","message":{"errno":-2,"code":"ENOENT","syscall":"stat","path":"/Users/milanrawat/public/index.html","expose":false,"statusCode":404,"status":404},"timestamp":"2020-01-15T08:48:03.565Z"}
{"level":"debug","message":{},"timestamp":"2020-01-15T18:10:00.056Z"}
{"level":"debug","message":{},"timestamp":"2020-01-15T18:11:00.542Z"}
{"level":"debug","message":{},"timestamp":"2020-01-15T18:13:04.648Z"}
{"message":"trying to upload files","level":"debug","timestamp":"2020-01-18T18:10:40.637Z"}
{"level":"debug","message":{},"timestamp":"2020-01-18T18:38:03.971Z"}
{"message":"trying to upload files","level":"debug","timestamp":"2020-01-20T19:21:37.922Z"}
{"message":"trying to upload files","level":"debug","timestamp":"2020-01-27T07:51:30.095Z"}
{"message":"trying to upload files","level":"debug","timestamp":"2020-01-27T09:25:30.613Z"}
